{"/Users/wangweiwei/Codes/github/utils/src/index.ts": {"path":"/Users/wangweiwei/Codes/github/utils/src/index.ts","statementMap":{"0":{"start":{"line":1,"column":0},"end":{"line":1,"column":23}},"1":{"start":{"line":2,"column":0},"end":{"line":2,"column":23}}},"fnMap":{},"branchMap":{},"s":{"0":0,"1":0},"f":{},"b":{}}
,"/Users/wangweiwei/Codes/github/utils/src/core/index.ts": {"path":"/Users/wangweiwei/Codes/github/utils/src/core/index.ts","statementMap":{"0":{"start":{"line":1,"column":0},"end":{"line":1,"column":24}},"1":{"start":{"line":2,"column":0},"end":{"line":2,"column":26}},"2":{"start":{"line":3,"column":0},"end":{"line":3,"column":23}},"3":{"start":{"line":4,"column":0},"end":{"line":4,"column":25}},"4":{"start":{"line":5,"column":0},"end":{"line":5,"column":25}},"5":{"start":{"line":6,"column":0},"end":{"line":6,"column":23}}},"fnMap":{},"branchMap":{},"s":{"0":4,"1":4,"2":4,"3":4,"4":4,"5":4},"f":{},"b":{}}
,"/Users/wangweiwei/Codes/github/utils/src/core/array/index.ts": {"path":"/Users/wangweiwei/Codes/github/utils/src/core/array/index.ts","statementMap":{"0":{"start":{"line":1,"column":0},"end":{"line":1,"column":36}},"1":{"start":{"line":3,"column":15},"end":{"line":5,"column":2}},"2":{"start":{"line":7,"column":9},"end":{"line":7,"column":15}}},"fnMap":{},"branchMap":{},"s":{"0":4,"1":4,"2":4},"f":{},"b":{}}
,"/Users/wangweiwei/Codes/github/utils/src/core/array/reverse.ts": {"path":"/Users/wangweiwei/Codes/github/utils/src/core/array/reverse.ts","statementMap":{"0":{"start":{"line":1,"column":16},"end":{"line":5,"column":1}},"1":{"start":{"line":2,"column":2},"end":{"line":4,"column":null}},"2":{"start":{"line":3,"column":4},"end":{"line":3,"column":33}},"3":{"start":{"line":7,"column":9},"end":{"line":7,"column":16}}},"fnMap":{"0":{"name":"(anonymous_1)","decl":{"start":{"line":1,"column":16},"end":{"line":1,"column":17}},"loc":{"start":{"line":1,"column":55},"end":{"line":5,"column":1}}}},"branchMap":{},"s":{"0":4,"1":2,"2":4,"3":4},"f":{"0":2},"b":{}}
,"/Users/wangweiwei/Codes/github/utils/src/core/boolean/index.ts": {"path":"/Users/wangweiwei/Codes/github/utils/src/core/boolean/index.ts","statementMap":{"0":{"start":{"line":1,"column":0},"end":{"line":1,"column":34}},"1":{"start":{"line":3,"column":17},"end":{"line":5,"column":2}},"2":{"start":{"line":7,"column":9},"end":{"line":7,"column":17}}},"fnMap":{},"branchMap":{},"s":{"0":4,"1":4,"2":4},"f":{},"b":{}}
,"/Users/wangweiwei/Codes/github/utils/src/core/boolean/random.ts": {"path":"/Users/wangweiwei/Codes/github/utils/src/core/boolean/random.ts","statementMap":{"0":{"start":{"line":1,"column":15},"end":{"line":3,"column":1}},"1":{"start":{"line":2,"column":2},"end":{"line":2,"column":30}},"2":{"start":{"line":5,"column":9},"end":{"line":5,"column":15}}},"fnMap":{"0":{"name":"(anonymous_0)","decl":{"start":{"line":1,"column":15},"end":{"line":1,"column":null}},"loc":{"start":{"line":1,"column":15},"end":{"line":3,"column":1}}}},"branchMap":{},"s":{"0":4,"1":3,"2":4},"f":{"0":3},"b":{}}
,"/Users/wangweiwei/Codes/github/utils/src/core/date/index.ts": {"path":"/Users/wangweiwei/Codes/github/utils/src/core/date/index.ts","statementMap":{"0":{"start":{"line":1,"column":0},"end":{"line":1,"column":40}},"1":{"start":{"line":3,"column":14},"end":{"line":5,"column":2}},"2":{"start":{"line":7,"column":9},"end":{"line":7,"column":14}}},"fnMap":{},"branchMap":{},"s":{"0":4,"1":4,"2":4},"f":{},"b":{}}
,"/Users/wangweiwei/Codes/github/utils/src/core/date/isWeekday.ts": {"path":"/Users/wangweiwei/Codes/github/utils/src/core/date/isWeekday.ts","statementMap":{"0":{"start":{"line":1,"column":18},"end":{"line":3,"column":1}},"1":{"start":{"line":2,"column":2},"end":{"line":2,"column":33}},"2":{"start":{"line":5,"column":9},"end":{"line":5,"column":18}}},"fnMap":{"0":{"name":"(anonymous_0)","decl":{"start":{"line":1,"column":18},"end":{"line":1,"column":19}},"loc":{"start":{"line":1,"column":29},"end":{"line":3,"column":1}}}},"branchMap":{},"s":{"0":4,"1":7,"2":4},"f":{"0":7},"b":{}}
,"/Users/wangweiwei/Codes/github/utils/src/core/math/average.ts": {"path":"/Users/wangweiwei/Codes/github/utils/src/core/math/average.ts","statementMap":{"0":{"start":{"line":1,"column":16},"end":{"line":3,"column":1}},"1":{"start":{"line":1,"column":17},"end":{"line":1,"column":34}},"2":{"start":{"line":2,"column":2},"end":{"line":2,"column":68}},"3":{"start":{"line":2,"column":47},"end":{"line":2,"column":53}},"4":{"start":{"line":5,"column":9},"end":{"line":5,"column":16}}},"fnMap":{"0":{"name":"(anonymous_0)","decl":{"start":{"line":1,"column":16},"end":{"line":1,"column":17}},"loc":{"start":{"line":1,"column":16},"end":{"line":3,"column":1}}},"1":{"name":"(anonymous_1)","decl":{"start":{"line":2,"column":21},"end":{"line":2,"column":22}},"loc":{"start":{"line":2,"column":42},"end":{"line":2,"column":48}}}},"branchMap":{},"s":{"0":4,"1":5,"2":1,"3":2,"4":4},"f":{"0":1,"1":2},"b":{}}
,"/Users/wangweiwei/Codes/github/utils/src/core/math/index.ts": {"path":"/Users/wangweiwei/Codes/github/utils/src/core/math/index.ts","statementMap":{"0":{"start":{"line":1,"column":0},"end":{"line":1,"column":36}},"1":{"start":{"line":3,"column":14},"end":{"line":5,"column":2}},"2":{"start":{"line":7,"column":9},"end":{"line":7,"column":14}}},"fnMap":{},"branchMap":{},"s":{"0":4,"1":4,"2":4},"f":{},"b":{}}
,"/Users/wangweiwei/Codes/github/utils/src/core/number/index.ts": {"path":"/Users/wangweiwei/Codes/github/utils/src/core/number/index.ts","statementMap":{"0":{"start":{"line":1,"column":0},"end":{"line":1,"column":34}},"1":{"start":{"line":2,"column":0},"end":{"line":2,"column":36}},"2":{"start":{"line":4,"column":16},"end":{"line":7,"column":2}},"3":{"start":{"line":9,"column":9},"end":{"line":9,"column":16}}},"fnMap":{},"branchMap":{},"s":{"0":4,"1":4,"2":4,"3":4},"f":{},"b":{}}
,"/Users/wangweiwei/Codes/github/utils/src/core/number/isEven.ts": {"path":"/Users/wangweiwei/Codes/github/utils/src/core/number/isEven.ts","statementMap":{"0":{"start":{"line":1,"column":15},"end":{"line":3,"column":1}},"1":{"start":{"line":2,"column":2},"end":{"line":2,"column":23}},"2":{"start":{"line":5,"column":9},"end":{"line":5,"column":15}}},"fnMap":{"0":{"name":"(anonymous_0)","decl":{"start":{"line":1,"column":15},"end":{"line":1,"column":16}},"loc":{"start":{"line":1,"column":27},"end":{"line":3,"column":1}}}},"branchMap":{},"s":{"0":4,"1":0,"2":4},"f":{"0":0},"b":{}}
,"/Users/wangweiwei/Codes/github/utils/src/core/number/toFixed.ts": {"path":"/Users/wangweiwei/Codes/github/utils/src/core/number/toFixed.ts","statementMap":{"0":{"start":{"line":1,"column":16},"end":{"line":3,"column":1}},"1":{"start":{"line":2,"column":2},"end":{"line":2,"column":71}},"2":{"start":{"line":5,"column":9},"end":{"line":5,"column":16}}},"fnMap":{"0":{"name":"(anonymous_0)","decl":{"start":{"line":1,"column":16},"end":{"line":1,"column":17}},"loc":{"start":{"line":1,"column":44},"end":{"line":3,"column":1}}}},"branchMap":{},"s":{"0":4,"1":0,"2":4},"f":{"0":0},"b":{}}
,"/Users/wangweiwei/Codes/github/utils/src/core/string/index.ts": {"path":"/Users/wangweiwei/Codes/github/utils/src/core/string/index.ts","statementMap":{"0":{"start":{"line":1,"column":0},"end":{"line":1,"column":36}},"1":{"start":{"line":3,"column":16},"end":{"line":5,"column":2}},"2":{"start":{"line":7,"column":9},"end":{"line":7,"column":16}}},"fnMap":{},"branchMap":{},"s":{"0":4,"1":4,"2":4},"f":{},"b":{}}
,"/Users/wangweiwei/Codes/github/utils/src/core/string/reverse.ts": {"path":"/Users/wangweiwei/Codes/github/utils/src/core/string/reverse.ts","statementMap":{"0":{"start":{"line":1,"column":16},"end":{"line":10,"column":1}},"1":{"start":{"line":3,"column":20},"end":{"line":3,"column":22}},"2":{"start":{"line":5,"column":2},"end":{"line":7,"column":null}},"3":{"start":{"line":5,"column":15},"end":{"line":5,"column":29}},"4":{"start":{"line":6,"column":4},"end":{"line":6,"column":26}},"5":{"start":{"line":9,"column":2},"end":{"line":9,"column":21}},"6":{"start":{"line":12,"column":9},"end":{"line":12,"column":16}}},"fnMap":{"0":{"name":"(anonymous_0)","decl":{"start":{"line":1,"column":16},"end":{"line":1,"column":17}},"loc":{"start":{"line":1,"column":28},"end":{"line":10,"column":1}}}},"branchMap":{},"s":{"0":4,"1":0,"2":0,"3":0,"4":0,"5":0,"6":4},"f":{"0":0},"b":{}}
,"/Users/wangweiwei/Codes/github/utils/src/info/index.ts": {"path":"/Users/wangweiwei/Codes/github/utils/src/info/index.ts","statementMap":{"0":{"start":{"line":1,"column":0},"end":{"line":1,"column":23}},"1":{"start":{"line":2,"column":0},"end":{"line":2,"column":26}}},"fnMap":{},"branchMap":{},"s":{"0":0,"1":0},"f":{},"b":{}}
,"/Users/wangweiwei/Codes/github/utils/src/info/name.ts": {"path":"/Users/wangweiwei/Codes/github/utils/src/info/name.ts","statementMap":{"0":{"start":{"line":1,"column":25},"end":{"line":1,"column":35}},"1":{"start":{"line":3,"column":9},"end":{"line":3,"column":17}}},"fnMap":{},"branchMap":{},"s":{"0":0,"1":0},"f":{},"b":{}}
,"/Users/wangweiwei/Codes/github/utils/src/info/version.ts": {"path":"/Users/wangweiwei/Codes/github/utils/src/info/version.ts","statementMap":{"0":{"start":{"line":1,"column":24},"end":{"line":1,"column":37}},"1":{"start":{"line":3,"column":9},"end":{"line":3,"column":16}}},"fnMap":{},"branchMap":{},"s":{"0":0,"1":0},"f":{},"b":{}}
}
